time="2018-11-05T16:31:13+01:00" level=info msg="logger initialized"
time="2018-11-05T16:31:13+01:00" level=info msg="generating echo stream" service=tns-manager
time="2018-11-05T16:31:13+01:00" level=info msg="generating record request stream" service=tns-manager
time="2018-11-05T16:31:13+01:00" level=info msg="generating zone request stream" service=tns-manager
time="2018-11-05T16:31:13+01:00" level=info msg="new stream detected" service=tns-manager
time="2018-11-05T16:31:13+01:00" level=info msg="logger initialized"
time="2018-11-05T16:31:13+01:00" level=info msg="generating echo stream" service=tns-manager
time="2018-11-05T16:31:13+01:00" level=info msg="generating record request stream" service=tns-manager
time="2018-11-05T16:31:13+01:00" level=info msg="generating zone request stream" service=tns-manager
time="2018-11-05T16:31:13+01:00" level=info msg="new stream detected" service=tns-manager
time="2018-11-05T16:31:13+01:00" level=info msg="logger initialized"
time="2018-11-05T16:31:13+01:00" level=info msg="logger initialized"
time="2018-11-05T16:31:13+01:00" level=info msg="logger initialized"
time="2018-11-05T16:31:13+01:00" level=info msg="logger initialized"
time="2018-11-05T16:31:13+01:00" level=info msg="logger initialized"
time="2018-11-05T16:36:56+01:00" level=info msg="logger initialized"
time="2018-11-05T16:36:56+01:00" level=info msg="generating echo stream" service=tns-manager
time="2018-11-05T16:36:56+01:00" level=info msg="generating record request stream" service=tns-manager
time="2018-11-05T16:36:56+01:00" level=info msg="generating zone request stream" service=tns-manager
time="2018-11-05T16:36:56+01:00" level=info msg="new stream detected" service=tns-manager
time="2018-11-05T16:36:56+01:00" level=info msg="logger initialized"
time="2018-11-05T16:36:56+01:00" level=info msg="logger initialized"
time="2018-11-05T16:36:56+01:00" level=info msg="logger initialized"
time="2018-11-05T16:36:56+01:00" level=info msg="logger initialized"
time="2018-11-05T16:36:56+01:00" level=info msg="logger initialized"
time="2018-11-05T16:36:56+01:00" level=info msg="logger initialized"
time="2018-11-05T16:37:44+01:00" level=info msg="logger initialized"
time="2018-11-05T16:37:44+01:00" level=info msg="generating echo stream" service=tns-manager
time="2018-11-05T16:37:44+01:00" level=info msg="generating record request stream" service=tns-manager
time="2018-11-05T16:37:44+01:00" level=info msg="generating zone request stream" service=tns-manager
time="2018-11-05T16:37:44+01:00" level=info msg="new stream detected" service=tns-manager
time="2018-11-05T16:37:44+01:00" level=info msg="logger initialized"
time="2018-11-05T16:37:44+01:00" level=info msg="logger initialized"
time="2018-11-05T16:37:44+01:00" level=info msg="logger initialized"
time="2018-11-05T16:37:44+01:00" level=info msg="logger initialized"
time="2018-11-05T16:37:44+01:00" level=info msg="logger initialized"
time="2018-11-05T16:37:44+01:00" level=info msg="logger initialized"
time="2018-11-05T19:26:37+01:00" level=info msg="logger initialized"
time="2018-11-05T19:26:37+01:00" level=info msg="generating echo stream" service=tns-manager
time="2018-11-05T19:26:37+01:00" level=info msg="generating record request stream" service=tns-manager
time="2018-11-05T19:26:37+01:00" level=info msg="generating zone request stream" service=tns-manager
time="2018-11-05T19:26:37+01:00" level=info msg="new stream detected" service=tns-manager
time="2018-11-05T19:26:37+01:00" level=info msg="logger initialized"
time="2018-11-05T19:26:37+01:00" level=info msg="logger initialized"
time="2018-11-05T19:26:37+01:00" level=info msg="logger initialized"
time="2018-11-05T19:26:37+01:00" level=info msg="logger initialized"
time="2018-11-05T19:26:37+01:00" level=info msg="logger initialized"
time="2018-11-05T19:26:37+01:00" level=info msg="logger initialized"
time="2018-11-05T19:26:45+01:00" level=info msg="logger initialized"
time="2018-11-05T19:26:45+01:00" level=info msg="generating echo stream" service=tns-manager
time="2018-11-05T19:26:45+01:00" level=info msg="generating record request stream" service=tns-manager
time="2018-11-05T19:26:45+01:00" level=info msg="generating zone request stream" service=tns-manager
time="2018-11-05T19:26:45+01:00" level=info msg="new stream detected" service=tns-manager
time="2018-11-05T19:26:45+01:00" level=info msg="logger initialized"
time="2018-11-05T19:26:45+01:00" level=info msg="logger initialized"
time="2018-11-05T19:26:45+01:00" level=info msg="logger initialized"
time="2018-11-05T19:26:45+01:00" level=info msg="logger initialized"
time="2018-11-05T19:26:45+01:00" level=info msg="logger initialized"
time="2018-11-05T19:26:45+01:00" level=info msg="logger initialized"
